<?xml version="1.0" encoding="UTF-8"?>
<testrun name="Project1" project="Project1" tests="8" started="8" failures="0" errors="1" ignored="0">
  <testsuite name="edu.ncsu.csc216.fire.CellTest" time="0.0">
    <testcase name="testGetState" classname="edu.ncsu.csc216.fire.CellTest" time="0.0"/>
    <testcase name="testSetState" classname="edu.ncsu.csc216.fire.CellTest" time="0.0"/>
    <testcase name="testCopy" classname="edu.ncsu.csc216.fire.CellTest" time="0.0"/>
    <testcase name="testSpread" classname="edu.ncsu.csc216.fire.CellTest" time="0.0">
      <error>java.lang.ArrayIndexOutOfBoundsException: -1
	at edu.ncsu.csc216.fire.CellTest.testSpread(CellTest.java:113)
	at sun.reflect.NativeMethodAccessorImpl.invoke0(Native Method)
	at sun.reflect.NativeMethodAccessorImpl.invoke(NativeMethodAccessorImpl.java:39)
	at sun.reflect.DelegatingMethodAccessorImpl.invoke(DelegatingMethodAccessorImpl.java:25)
	at java.lang.reflect.Method.invoke(Method.java:597)
	at junit.framework.TestCase.runTest(TestCase.java:164)
	at junit.framework.TestCase.runBare(TestCase.java:130)
	at junit.framework.TestResult$1.protect(TestResult.java:106)
	at junit.framework.TestResult.runProtected(TestResult.java:124)
	at junit.framework.TestResult.run(TestResult.java:109)
	at junit.framework.TestCase.run(TestCase.java:120)
	at junit.framework.TestSuite.runTest(TestSuite.java:230)
	at junit.framework.TestSuite.run(TestSuite.java:225)
	at org.eclipse.jdt.internal.junit.runner.junit3.JUnit3TestReference.run(JUnit3TestReference.java:130)
	at org.eclipse.jdt.internal.junit.runner.TestExecution.run(TestExecution.java:38)
	at org.eclipse.jdt.internal.junit.runner.RemoteTestRunner.runTests(RemoteTestRunner.java:467)
	at org.eclipse.jdt.internal.junit.runner.RemoteTestRunner.runTests(RemoteTestRunner.java:683)
	at org.eclipse.jdt.internal.junit.runner.RemoteTestRunner.run(RemoteTestRunner.java:390)
	at org.eclipse.jdt.internal.junit.runner.RemoteTestRunner.main(RemoteTestRunner.java:197)

</error>
    </testcase>
    <testcase name="testProperProbability" classname="edu.ncsu.csc216.fire.CellTest" time="0.0"/>
  </testsuite>
  <testsuite name="edu.ncsu.csc216.fire.GridTest" time="0.001">
    <testcase name="testGetGrid" classname="edu.ncsu.csc216.fire.GridTest" time="0.0"/>
    <testcase name="testDone" classname="edu.ncsu.csc216.fire.GridTest" time="0.0"/>
    <testcase name="testNextTimestep" classname="edu.ncsu.csc216.fire.GridTest" time="0.0"/>
  </testsuite>
</testrun>
